{"total": {"lines":{"total":272,"covered":149,"skipped":0,"pct":54.77},"statements":{"total":272,"covered":149,"skipped":0,"pct":54.77},"functions":{"total":11,"covered":8,"skipped":0,"pct":72.72},"branches":{"total":55,"covered":46,"skipped":0,"pct":83.63},"branchesTrue":{"total":0,"covered":0,"skipped":0,"pct":100}}
,"/home/runner/work/cicd/cicd/eslint.config.js": {"lines":{"total":12,"covered":0,"skipped":0,"pct":0},"functions":{"total":1,"covered":0,"skipped":0,"pct":0},"statements":{"total":12,"covered":0,"skipped":0,"pct":0},"branches":{"total":1,"covered":0,"skipped":0,"pct":0}}
,"/home/runner/work/cicd/cicd/e2e/books-api.e2e.ts": {"lines":{"total":85,"covered":0,"skipped":0,"pct":0},"functions":{"total":1,"covered":0,"skipped":0,"pct":0},"statements":{"total":85,"covered":0,"skipped":0,"pct":0},"branches":{"total":1,"covered":0,"skipped":0,"pct":0}}
,"/home/runner/work/cicd/cicd/src/app.ts": {"lines":{"total":20,"covered":11,"skipped":0,"pct":55},"functions":{"total":0,"covered":0,"skipped":0,"pct":100},"statements":{"total":20,"covered":11,"skipped":0,"pct":55},"branches":{"total":1,"covered":1,"skipped":0,"pct":100}}
,"/home/runner/work/cicd/cicd/src/index.ts": {"lines":{"total":5,"covered":0,"skipped":0,"pct":0},"functions":{"total":1,"covered":0,"skipped":0,"pct":0},"statements":{"total":5,"covered":0,"skipped":0,"pct":0},"branches":{"total":1,"covered":0,"skipped":0,"pct":0}}
,"/home/runner/work/cicd/cicd/src/db/database.ts": {"lines":{"total":22,"covered":16,"skipped":0,"pct":72.72},"functions":{"total":1,"covered":1,"skipped":0,"pct":100},"statements":{"total":22,"covered":16,"skipped":0,"pct":72.72},"branches":{"total":3,"covered":1,"skipped":0,"pct":33.33}}
,"/home/runner/work/cicd/cicd/src/models/book.ts": {"lines":{"total":0,"covered":0,"skipped":0,"pct":0},"functions":{"total":1,"covered":1,"skipped":0,"pct":0},"statements":{"total":0,"covered":0,"skipped":0,"pct":0},"branches":{"total":1,"covered":1,"skipped":0,"pct":0}}
,"/home/runner/work/cicd/cicd/src/models/bookRepository.ts": {"lines":{"total":55,"covered":53,"skipped":0,"pct":96.36},"functions":{"total":6,"covered":6,"skipped":0,"pct":100},"statements":{"total":55,"covered":53,"skipped":0,"pct":96.36},"branches":{"total":18,"covered":16,"skipped":0,"pct":88.88}}
,"/home/runner/work/cicd/cicd/src/routes/books.ts": {"lines":{"total":73,"covered":69,"skipped":0,"pct":94.52},"functions":{"total":0,"covered":0,"skipped":0,"pct":100},"statements":{"total":73,"covered":69,"skipped":0,"pct":94.52},"branches":{"total":29,"covered":27,"skipped":0,"pct":93.1}}
}
