{"total": {"lines":{"total":158,"covered":146,"skipped":0,"pct":92.4},"statements":{"total":158,"covered":146,"skipped":0,"pct":92.4},"functions":{"total":9,"covered":8,"skipped":0,"pct":88.88},"branches":{"total":52,"covered":46,"skipped":0,"pct":88.46},"branchesTrue":{"total":0,"covered":0,"skipped":0,"pct":100}}
,"/home/runner/work/cicd/cicd/src/app.ts": {"lines":{"total":10,"covered":10,"skipped":0,"pct":100},"functions":{"total":0,"covered":0,"skipped":0,"pct":100},"statements":{"total":10,"covered":10,"skipped":0,"pct":100},"branches":{"total":1,"covered":1,"skipped":0,"pct":100}}
,"/home/runner/work/cicd/cicd/src/index.ts": {"lines":{"total":5,"covered":0,"skipped":0,"pct":0},"functions":{"total":1,"covered":0,"skipped":0,"pct":0},"statements":{"total":5,"covered":0,"skipped":0,"pct":0},"branches":{"total":1,"covered":0,"skipped":0,"pct":0}}
,"/home/runner/work/cicd/cicd/src/db/database.ts": {"lines":{"total":15,"covered":14,"skipped":0,"pct":93.33},"functions":{"total":1,"covered":1,"skipped":0,"pct":100},"statements":{"total":15,"covered":14,"skipped":0,"pct":93.33},"branches":{"total":2,"covered":1,"skipped":0,"pct":50}}
,"/home/runner/work/cicd/cicd/src/models/book.ts": {"lines":{"total":0,"covered":0,"skipped":0,"pct":0},"functions":{"total":1,"covered":1,"skipped":0,"pct":0},"statements":{"total":0,"covered":0,"skipped":0,"pct":0},"branches":{"total":1,"covered":1,"skipped":0,"pct":0}}
,"/home/runner/work/cicd/cicd/src/models/bookRepository.ts": {"lines":{"total":55,"covered":53,"skipped":0,"pct":96.36},"functions":{"total":6,"covered":6,"skipped":0,"pct":100},"statements":{"total":55,"covered":53,"skipped":0,"pct":96.36},"branches":{"total":18,"covered":16,"skipped":0,"pct":88.88}}
,"/home/runner/work/cicd/cicd/src/routes/books.ts": {"lines":{"total":73,"covered":69,"skipped":0,"pct":94.52},"functions":{"total":0,"covered":0,"skipped":0,"pct":100},"statements":{"total":73,"covered":69,"skipped":0,"pct":94.52},"branches":{"total":29,"covered":27,"skipped":0,"pct":93.1}}
}
